Started at Wed Aug 10 09:34:38 UTC 2022
Processing MyProject
Offering MyProject to Project Build Discarder
Processing PipelineProject
Offering PipelineProject to Project Build Discarder
Finished at Wed Aug 10 09:34:38 UTC 2022. 10ms
Started at Wed Aug 10 10:34:38 UTC 2022
Processing MyProject
Offering MyProject to Project Build Discarder
Processing PipelineProject
Offering PipelineProject to Project Build Discarder
Processing test
Offering test to Project Build Discarder
Finished at Wed Aug 10 10:34:38 UTC 2022. 1ms
Started at Wed Aug 10 11:34:38 UTC 2022
Processing MyProject
Offering MyProject to Project Build Discarder
Processing PipelineProject
Offering PipelineProject to Project Build Discarder
Finished at Wed Aug 10 11:34:38 UTC 2022. 1ms
Started at Wed Aug 10 12:34:38 UTC 2022
Processing MyProject
Offering MyProject to Project Build Discarder
Processing PipelineProject
Offering PipelineProject to Project Build Discarder
Finished at Wed Aug 10 12:34:38 UTC 2022. 3ms
Started at Wed Aug 10 13:34:38 UTC 2022
Processing MyProject
Offering MyProject to Project Build Discarder
Processing PipelineProject
Offering PipelineProject to Project Build Discarder
Finished at Wed Aug 10 13:34:38 UTC 2022. 1ms
Started at Wed Aug 10 14:34:38 UTC 2022
Processing MyProject
Offering MyProject to Project Build Discarder
Processing PipelineProject
Offering PipelineProject to Project Build Discarder
Finished at Wed Aug 10 14:34:38 UTC 2022. 1ms
Started at Wed Aug 10 15:34:38 UTC 2022
Processing gilded rose
Offering gilded rose to Project Build Discarder
Processing MyProject
Offering MyProject to Project Build Discarder
Processing PipelineProject
Offering PipelineProject to Project Build Discarder
Finished at Wed Aug 10 15:34:38 UTC 2022. 1ms
Started at Wed Aug 10 16:34:38 UTC 2022
Processing gilded rose
Offering gilded rose to Project Build Discarder
Processing MyProject
Offering MyProject to Project Build Discarder
Processing PipelineProject
Offering PipelineProject to Project Build Discarder
Finished at Wed Aug 10 16:34:38 UTC 2022. 0ms
Started at Wed Aug 10 17:34:38 UTC 2022
Processing gilded rose
Offering gilded rose to Project Build Discarder
Processing MyProject
Offering MyProject to Project Build Discarder
Processing PipelineProject
Offering PipelineProject to Project Build Discarder
Finished at Wed Aug 10 17:34:38 UTC 2022. 2ms
